Job started on p-bc-5025 at Sat Apr 20 16:28:34 EDT 2024
Start: Sat Apr 20 16:28:35 EDT 2024
[p-bc-5025:3632628:0:3632628] Caught signal 4 (Illegal instruction: illegal operand)
==== backtrace (tid:3632628) ====
 0  /lib64/libucs.so.0(ucs_handle_error+0x2dc) [0x14abf3b54e4c]
 1  /lib64/libucs.so.0(+0x2c02c) [0x14abf3b5502c]
 2  /lib64/libucs.so.0(+0x2c0b3) [0x14abf3b550b3]
 3  /storage/icds/RISE/sw8/vasp-intel-2021.4.0/vasp-6.3.1vtst/bin/vasp_std() [0x423aaf]
 4  /storage/icds/RISE/sw8/vasp-intel-2021.4.0/vasp-6.3.1vtst/bin/vasp_std() [0x4233b8]
 5  /storage/icds/RISE/sw8/vasp-intel-2021.4.0/vasp-6.3.1vtst/bin/vasp_std() [0x476981]
 6  /storage/icds/RISE/sw8/vasp-intel-2021.4.0/vasp-6.3.1vtst/bin/vasp_std() [0x47595f]
 7  /storage/icds/RISE/sw8/vasp-intel-2021.4.0/vasp-6.3.1vtst/bin/vasp_std() [0x4e3ea0]
 8  /storage/icds/RISE/sw8/vasp-intel-2021.4.0/vasp-6.3.1vtst/bin/vasp_std() [0x1d86bea]
 9  /storage/icds/RISE/sw8/vasp-intel-2021.4.0/vasp-6.3.1vtst/bin/vasp_std() [0x41c362]
10  /lib64/libc.so.6(__libc_start_main+0xe5) [0x14abfdb8ed85]
11  /storage/icds/RISE/sw8/vasp-intel-2021.4.0/vasp-6.3.1vtst/bin/vasp_std() [0x41c26e]
=================================
forrtl: severe (168): Program Exception - illegal instruction
Image              PC                Routine            Line        Source             
vasp_std           0000000001F6511B  for__signal_handl     Unknown  Unknown
libpthread-2.28.s  000014ABFE2ADCF0  Unknown               Unknown  Unknown
vasp_std           0000000000423AAF  Unknown               Unknown  Unknown
vasp_std           00000000004233B8  Unknown               Unknown  Unknown
vasp_std           0000000000476981  Unknown               Unknown  Unknown
vasp_std           000000000047595F  Unknown               Unknown  Unknown
vasp_std           00000000004E3EA0  Unknown               Unknown  Unknown
vasp_std           0000000001D86BEA  Unknown               Unknown  Unknown
vasp_std           000000000041C362  Unknown               Unknown  Unknown
libc-2.28.so       000014ABFDB8ED85  __libc_start_main     Unknown  Unknown
vasp_std           000000000041C26E  Unknown               Unknown  Unknown
srun: error: p-bc-5025: task 0: Exited with exit code 168
End: Sat Apr 20 16:28:37 EDT 2024
